Started by user [8mha:////4Oyjw0iqsofXJyF+intIVOGzDVAX3mT6fmIWoW+8SEqLAAAAlR+LCAAAAAAAAP9b85aBtbiIQTGjNKU4P08vOT+vOD8nVc83PyU1x6OyILUoJzMv2y+/JJUBAhiZGBgqihhk0NSjKDWzXb3RdlLBUSYGJk8GtpzUvPSSDB8G5tKinBIGIZ+sxLJE/ZzEvHT94JKizLx0a6BxUmjGOUNodHsLgAzhEgZO/dLi1CL9grIcADlwdE2+AAAA[0mLakshminarayana P V
Running as SYSTEM
Building remotely on [8mha:////4DSI3rXQbATQEb2qnnqcWj05rEkrY/9q4v0Bkvu1t2UnAAAAnB+LCAAAAAAAAP9b85aBtbiIQTGjNKU4P08vOT+vOD8nVc83PyU1x6OyILUoJzMv2y+/JJUBAhiZGBgqihhk0NSjKDWzXb3RdlLBUSYGJk8GtpzUvPSSDB8G5tKinBIGIZ+sxLJE/ZzEvHT94JKizLx0a6BxUmjGOUNodHsLgAy2EgYB/eT83ILSktQi/dKk0rySUgDdPy90xQAAAA==[0mubuntu in workspace /home/ubuntu/workspace/javaproject1
No credentials specified
Cloning the remote Git repository
Cloning repository https://github.com/lakshmanpvl/javaproject1.git
 > git init /home/ubuntu/workspace/javaproject1 # timeout=10
Fetching upstream changes from https://github.com/lakshmanpvl/javaproject1.git
 > git --version # timeout=10
 > git fetch --tags --progress -- https://github.com/lakshmanpvl/javaproject1.git +refs/heads/*:refs/remotes/origin/* # timeout=10
 > git config remote.origin.url https://github.com/lakshmanpvl/javaproject1.git # timeout=10
 > git config --add remote.origin.fetch +refs/heads/*:refs/remotes/origin/* # timeout=10
 > git config remote.origin.url https://github.com/lakshmanpvl/javaproject1.git # timeout=10
Fetching upstream changes from https://github.com/lakshmanpvl/javaproject1.git
 > git fetch --tags --progress -- https://github.com/lakshmanpvl/javaproject1.git +refs/heads/*:refs/remotes/origin/* # timeout=10
 > git rev-parse refs/remotes/origin/master^{commit} # timeout=10
 > git rev-parse refs/remotes/origin/origin/master^{commit} # timeout=10
Checking out Revision cce5f14026512344ca80a6fa25daca13282a319b (refs/remotes/origin/master)
 > git config core.sparsecheckout # timeout=10
 > git checkout -f cce5f14026512344ca80a6fa25daca13282a319b # timeout=10
Commit message: "Merge https://github.com/lakshmanpvl/javaproject1"
 > git rev-list --no-walk cce5f14026512344ca80a6fa25daca13282a319b # timeout=10
[javaproject1] $ /bin/sh -xe /tmp/jenkins8532164748850383439.sh
+ mvn clean
WARNING: An illegal reflective access operation has occurred
WARNING: Illegal reflective access by com.google.inject.internal.cglib.core.$ReflectUtils$1 (file:/usr/share/maven/lib/guice.jar) to method java.lang.ClassLoader.defineClass(java.lang.String,byte[],int,int,java.security.ProtectionDomain)
WARNING: Please consider reporting this to the maintainers of com.google.inject.internal.cglib.core.$ReflectUtils$1
WARNING: Use --illegal-access=warn to enable warnings of further illegal reflective access operations
WARNING: All illegal access operations will be denied in a future release
[[1;34mINFO[m] Scanning for projects...
[[1;34mINFO[m] 
[[1;34mINFO[m] [1m-----------------------< [0;36mcom.mcnz.rps:roshambo[0;1m >------------------------[m
[[1;34mINFO[m] [1mBuilding roshambo 1.0-SNAPSHOT[m
[[1;34mINFO[m] [1m--------------------------------[ jar ]---------------------------------[m
[[1;34mINFO[m] 
[[1;34mINFO[m] [1m--- [0;32mmaven-clean-plugin:2.5:clean[m [1m(default-clean)[m @ [36mroshambo[0;1m ---[m
[[1;34mINFO[m] [1m------------------------------------------------------------------------[m
[[1;34mINFO[m] [1;32mBUILD SUCCESS[m
[[1;34mINFO[m] [1m------------------------------------------------------------------------[m
[[1;34mINFO[m] Total time:  0.605 s
[[1;34mINFO[m] Finished at: 2020-01-15T03:02:14Z
[[1;34mINFO[m] [1m------------------------------------------------------------------------[m
ERROR: Step â€˜Deploy war/ear to a containerâ€™ aborted due to exception: 
java.lang.InterruptedException: [DeployPublisher][WARN] No wars found. Deploy aborted. %n
	at hudson.plugins.deploy.DeployPublisher.perform(DeployPublisher.java:107)
	at hudson.tasks.BuildStepCompatibilityLayer.perform(BuildStepCompatibilityLayer.java:78)
	at hudson.tasks.BuildStepMonitor$3.perform(BuildStepMonitor.java:45)
	at hudson.model.AbstractBuild$AbstractBuildExecution.perform(AbstractBuild.java:741)
	at hudson.model.AbstractBuild$AbstractBuildExecution.performAllBuildSteps(AbstractBuild.java:690)
	at hudson.model.Build$BuildExecution.post2(Build.java:186)
	at hudson.model.AbstractBuild$AbstractBuildExecution.post(AbstractBuild.java:635)
	at hudson.model.Run.execute(Run.java:1878)
	at hudson.model.FreeStyleBuild.run(FreeStyleBuild.java:43)
	at hudson.model.ResourceController.execute(ResourceController.java:97)
	at hudson.model.Executor.run(Executor.java:427)
Finished: FAILURE
