Started by user [8mha:////4Oyjw0iqsofXJyF+intIVOGzDVAX3mT6fmIWoW+8SEqLAAAAlR+LCAAAAAAAAP9b85aBtbiIQTGjNKU4P08vOT+vOD8nVc83PyU1x6OyILUoJzMv2y+/JJUBAhiZGBgqihhk0NSjKDWzXb3RdlLBUSYGJk8GtpzUvPSSDB8G5tKinBIGIZ+sxLJE/ZzEvHT94JKizLx0a6BxUmjGOUNodHsLgAzhEgZO/dLi1CL9grIcADlwdE2+AAAA[0mLakshminarayana P V
Running as SYSTEM
Building remotely on [8mha:////4DSI3rXQbATQEb2qnnqcWj05rEkrY/9q4v0Bkvu1t2UnAAAAnB+LCAAAAAAAAP9b85aBtbiIQTGjNKU4P08vOT+vOD8nVc83PyU1x6OyILUoJzMv2y+/JJUBAhiZGBgqihhk0NSjKDWzXb3RdlLBUSYGJk8GtpzUvPSSDB8G5tKinBIGIZ+sxLJE/ZzEvHT94JKizLx0a6BxUmjGOUNodHsLgAy2EgYB/eT83ILSktQi/dKk0rySUgDdPy90xQAAAA==[0mubuntu in workspace /home/ubuntu/workspace/javaproject2
No credentials specified
 > git rev-parse --is-inside-work-tree # timeout=10
Fetching changes from the remote Git repository
 > git config remote.origin.url https://github.com/lakshmanpvl/javaproject2.git # timeout=10
Fetching upstream changes from https://github.com/lakshmanpvl/javaproject2.git
 > git --version # timeout=10
 > git fetch --tags --progress -- https://github.com/lakshmanpvl/javaproject2.git +refs/heads/*:refs/remotes/origin/* # timeout=10
 > git rev-parse refs/remotes/origin/master^{commit} # timeout=10
 > git rev-parse refs/remotes/origin/origin/master^{commit} # timeout=10
Checking out Revision 1a8e9df8ad5e2c25d30f1cfbec07c1ebc245cb8f (refs/remotes/origin/master)
 > git config core.sparsecheckout # timeout=10
 > git checkout -f 1a8e9df8ad5e2c25d30f1cfbec07c1ebc245cb8f # timeout=10
Commit message: "Minor documentation update."
 > git rev-list --no-walk 1a8e9df8ad5e2c25d30f1cfbec07c1ebc245cb8f # timeout=10
[javaproject2] $ mvn clean install
WARNING: An illegal reflective access operation has occurred
WARNING: Illegal reflective access by com.google.inject.internal.cglib.core.$ReflectUtils$1 (file:/usr/share/maven/lib/guice.jar) to method java.lang.ClassLoader.defineClass(java.lang.String,byte[],int,int,java.security.ProtectionDomain)
WARNING: Please consider reporting this to the maintainers of com.google.inject.internal.cglib.core.$ReflectUtils$1
WARNING: Use --illegal-access=warn to enable warnings of further illegal reflective access operations
WARNING: All illegal access operations will be denied in a future release
[[1;34mINFO[m] Scanning for projects...
[[1;34mINFO[m] 
[[1;34mINFO[m] [1m-------------------------< [0;36mkoddas.web.war:wwp[0;1m >-------------------------[m
[[1;34mINFO[m] [1mBuilding WAR Web Project 1.0.0[m
[[1;34mINFO[m] [1m--------------------------------[ war ]---------------------------------[m
[[1;34mINFO[m] 
[[1;34mINFO[m] [1m--- [0;32mmaven-clean-plugin:2.5:clean[m [1m(default-clean)[m @ [36mwwp[0;1m ---[m
[[1;34mINFO[m] Deleting /home/ubuntu/workspace/javaproject2/target
[[1;34mINFO[m] 
[[1;34mINFO[m] [1m--- [0;32mmaven-resources-plugin:2.6:resources[m [1m(default-resources)[m @ [36mwwp[0;1m ---[m
[[1;33mWARNING[m] Using platform encoding (UTF-8 actually) to copy filtered resources, i.e. build is platform dependent!
[[1;34mINFO[m] skip non existing resourceDirectory /home/ubuntu/workspace/javaproject2/src/main/resources
[[1;34mINFO[m] 
[[1;34mINFO[m] [1m--- [0;32mmaven-compiler-plugin:3.1:compile[m [1m(default-compile)[m @ [36mwwp[0;1m ---[m
[[1;34mINFO[m] Changes detected - recompiling the module!
[[1;33mWARNING[m] File encoding has not been set, using platform encoding UTF-8, i.e. build is platform dependent!
[[1;34mINFO[m] Compiling 2 source files to /home/ubuntu/workspace/javaproject2/target/classes
[[1;34mINFO[m] 
[[1;34mINFO[m] [1m--- [0;32mmaven-resources-plugin:2.6:testResources[m [1m(default-testResources)[m @ [36mwwp[0;1m ---[m
[[1;33mWARNING[m] Using platform encoding (UTF-8 actually) to copy filtered resources, i.e. build is platform dependent!
[[1;34mINFO[m] skip non existing resourceDirectory /home/ubuntu/workspace/javaproject2/src/test/resources
[[1;34mINFO[m] 
[[1;34mINFO[m] [1m--- [0;32mmaven-compiler-plugin:3.1:testCompile[m [1m(default-testCompile)[m @ [36mwwp[0;1m ---[m
[[1;34mINFO[m] No sources to compile
[[1;34mINFO[m] 
[[1;34mINFO[m] [1m--- [0;32mmaven-surefire-plugin:2.12.4:test[m [1m(default-test)[m @ [36mwwp[0;1m ---[m
[[1;34mINFO[m] No tests to run.
[[1;34mINFO[m] 
[[1;34mINFO[m] [1m--- [0;32mmaven-war-plugin:2.2:war[m [1m(default-war)[m @ [36mwwp[0;1m ---[m
[[1;34mINFO[m] Packaging webapp
[[1;34mINFO[m] Assembling webapp [wwp] in [/home/ubuntu/workspace/javaproject2/target/wwp-1.0.0]
[[1;34mINFO[m] Processing war project
[[1;34mINFO[m] Copying webapp resources [/home/ubuntu/workspace/javaproject2/src/main/webapp]
[[1;34mINFO[m] Webapp assembled in [63 msecs]
[[1;34mINFO[m] Building war: /home/ubuntu/workspace/javaproject2/target/wwp-1.0.0.war
[[1;34mINFO[m] WEB-INF/web.xml already added, skipping
[[1;34mINFO[m] 
[[1;34mINFO[m] [1m--- [0;32mmaven-install-plugin:2.4:install[m [1m(default-install)[m @ [36mwwp[0;1m ---[m
[[1;34mINFO[m] Installing /home/ubuntu/workspace/javaproject2/target/wwp-1.0.0.war to /home/ubuntu/.m2/repository/koddas/web/war/wwp/1.0.0/wwp-1.0.0.war
[[1;34mINFO[m] Installing /home/ubuntu/workspace/javaproject2/pom.xml to /home/ubuntu/.m2/repository/koddas/web/war/wwp/1.0.0/wwp-1.0.0.pom
[[1;34mINFO[m] [1m------------------------------------------------------------------------[m
[[1;34mINFO[m] [1;32mBUILD SUCCESS[m
[[1;34mINFO[m] [1m------------------------------------------------------------------------[m
[[1;34mINFO[m] Total time:  4.145 s
[[1;34mINFO[m] Finished at: 2020-01-15T03:50:39Z
[[1;34mINFO[m] [1m------------------------------------------------------------------------[m
ERROR: Step â€˜Deploy war/ear to a containerâ€™ aborted due to exception: 
java.lang.InterruptedException: [DeployPublisher][WARN] No wars found. Deploy aborted. %n
	at hudson.plugins.deploy.DeployPublisher.perform(DeployPublisher.java:107)
	at hudson.tasks.BuildStepCompatibilityLayer.perform(BuildStepCompatibilityLayer.java:78)
	at hudson.tasks.BuildStepMonitor$3.perform(BuildStepMonitor.java:45)
	at hudson.model.AbstractBuild$AbstractBuildExecution.perform(AbstractBuild.java:741)
	at hudson.model.AbstractBuild$AbstractBuildExecution.performAllBuildSteps(AbstractBuild.java:690)
	at hudson.model.Build$BuildExecution.post2(Build.java:186)
	at hudson.model.AbstractBuild$AbstractBuildExecution.post(AbstractBuild.java:635)
	at hudson.model.Run.execute(Run.java:1878)
	at hudson.model.FreeStyleBuild.run(FreeStyleBuild.java:43)
	at hudson.model.ResourceController.execute(ResourceController.java:97)
	at hudson.model.Executor.run(Executor.java:427)
Finished: FAILURE
